c:\users\user\desktop\consoleshooting\consoleshooting\x64\debug\vc143.pdb
c:\users\user\desktop\consoleshooting\consoleshooting\x64\debug\vc143.idb
c:\users\user\desktop\consoleshooting\consoleshooting\x64\debug\main.obj
c:\users\user\desktop\consoleshooting\consoleshooting\x64\debug\consoleframework.obj
c:\users\user\desktop\consoleshooting\consoleshooting\x64\debug\consoleshooting.ilk
c:\users\user\desktop\consoleshooting\x64\debug\consoleshooting.pdb
c:\users\user\desktop\consoleshooting\consoleshooting\x64\debug\consoleshooting.tlog\cl.command.1.tlog
c:\users\user\desktop\consoleshooting\consoleshooting\x64\debug\consoleshooting.tlog\cl.items.tlog
c:\users\user\desktop\consoleshooting\consoleshooting\x64\debug\consoleshooting.tlog\cl.read.1.tlog
c:\users\user\desktop\consoleshooting\consoleshooting\x64\debug\consoleshooting.tlog\cl.write.1.tlog
c:\users\user\desktop\consoleshooting\consoleshooting\x64\debug\consoleshooting.tlog\link.10464-cvtres.read.1.tlog
c:\users\user\desktop\consoleshooting\consoleshooting\x64\debug\consoleshooting.tlog\link.10464-cvtres.write.1.tlog
c:\users\user\desktop\consoleshooting\consoleshooting\x64\debug\consoleshooting.tlog\link.10464-rc.read.1.tlog
c:\users\user\desktop\consoleshooting\consoleshooting\x64\debug\consoleshooting.tlog\link.10464-rc.write.1.tlog
c:\users\user\desktop\consoleshooting\consoleshooting\x64\debug\consoleshooting.tlog\link.10464.read.1.tlog
c:\users\user\desktop\consoleshooting\consoleshooting\x64\debug\consoleshooting.tlog\link.10464.read.2.tlog
c:\users\user\desktop\consoleshooting\consoleshooting\x64\debug\consoleshooting.tlog\link.10464.read.3.tlog
c:\users\user\desktop\consoleshooting\consoleshooting\x64\debug\consoleshooting.tlog\link.10464.read.5.tlog
c:\users\user\desktop\consoleshooting\consoleshooting\x64\debug\consoleshooting.tlog\link.10464.write.1.tlog
c:\users\user\desktop\consoleshooting\consoleshooting\x64\debug\consoleshooting.tlog\link.command.1.tlog
c:\users\user\desktop\consoleshooting\consoleshooting\x64\debug\consoleshooting.tlog\link.read.1.tlog
c:\users\user\desktop\consoleshooting\consoleshooting\x64\debug\consoleshooting.tlog\link.secondary.1.tlog
c:\users\user\desktop\consoleshooting\consoleshooting\x64\debug\consoleshooting.tlog\link.write.1.tlog
